<?xml version="1.0" encoding="UTF-8"?>
<!-- Generated by org.testng.reporters.JUnitXMLReporter -->
<testsuite hostname="DESKTOP-FLDMD95" name="Surefire test" tests="6" failures="1" timestamp="20 Sep 2016 17:30:03 GMT" time="37.971" errors="0">
  <testcase name="testAddQuestion" time="14.04" classname="com.redmine.tests.TestLogin"/>
  <testcase name="testFirstFormPresent" time="3.355" classname="com.redmine.tests.TestLogin"/>
  <testcase name="testTextErrorFirstForm" time="2.768" classname="com.redmine.tests.TestLogin"/>
  <testcase name="testTextErrorTwoForm" time="8.435" classname="com.redmine.tests.TestLogin">
    <failure type="java.lang.AssertionError" message="expected [true] but found [false]">
      <![CDATA[java.lang.AssertionError: expected [true] but found [false]
	at com.redmine.tests.TestLogin.testTextErrorTwoForm(TestLogin.java:72)
	at java.util.concurrent.ThreadPoolExecutor.runWorker(ThreadPoolExecutor.java:1142)
	at java.util.concurrent.ThreadPoolExecutor$Worker.run(ThreadPoolExecutor.java:617)
	at java.lang.Thread.run(Thread.java:745)
... Removed 14 stack frames]]>
    </failure>
  </testcase> <!-- testTextErrorTwoForm -->
  <testcase name="testTextFirstForm" time="2.724" classname="com.redmine.tests.TestLogin"/>
  <testcase name="testTwoFormPresent" time="6.552" classname="com.redmine.tests.TestLogin"/>
</testsuite> <!-- Surefire test -->
