-------------------------------------------------------------------------------
Test set: TestSuite
-------------------------------------------------------------------------------
Tests run: 6, Failures: 1, Errors: 0, Skipped: 0, Time elapsed: 52.557 sec <<< FAILURE! - in TestSuite
testTextErrorTwoForm(com.redmine.tests.TestLogin)  Time elapsed: 8.451 sec  <<< FAILURE!
java.lang.AssertionError: expected [true] but found [false]
	at com.redmine.tests.TestLogin.testTextErrorTwoForm(TestLogin.java:72)

