<?xml version="1.0" encoding="UTF-8"?>
<testsuite xmlns:xsi="http://www.w3.org/2001/XMLSchema-instance" xsi:schemaLocation="https://maven.apache.org/surefire/maven-surefire-plugin/xsd/surefire-test-report.xsd" name="TestSuite" time="52.557" tests="6" errors="0" skipped="0" failures="1">
  <properties>
[...]
</properties>
  <testcase name="testAddQuestion" classname="com.redmine.tests.TestLogin" time="14.04"/>
  <testcase name="testFirstFormPresent" classname="com.redmine.tests.TestLogin" time="3.348"/>
  <testcase name="testTextErrorFirstForm" classname="com.redmine.tests.TestLogin" time="2.768"/>
  <testcase name="testTextErrorTwoForm" classname="com.redmine.tests.TestLogin" time="8.451">
    <failure message="expected [true] but found [false]" type="java.lang.AssertionError">java.lang.AssertionError: expected [true] but found [false]
	at com.redmine.tests.TestLogin.testTextErrorTwoForm(TestLogin.java:72)
</failure>
    <system-err><![CDATA[1474392585243	Marionette	INFO	sendAsync 47140447-131a-4d0a-9452-6369af04898d
1474392588080	Marionette	INFO	sendAsync 47140447-131a-4d0a-9452-6369af04898d
1474392588111	Marionette	INFO	sendAsync 47140447-131a-4d0a-9452-6369af04898d
1474392588152	Marionette	INFO	sendAsync 47140447-131a-4d0a-9452-6369af04898d
1474392588177	Marionette	INFO	sendAsync 47140447-131a-4d0a-9452-6369af04898d
1474392588341	Marionette	INFO	sendAsync 47140447-131a-4d0a-9452-6369af04898d
1474392588382	Marionette	INFO	sendAsync 47140447-131a-4d0a-9452-6369af04898d
1474392588479	Marionette	INFO	sendAsync 47140447-131a-4d0a-9452-6369af04898d
1474392588500	Marionette	INFO	sendAsync 47140447-131a-4d0a-9452-6369af04898d
1474392588560	Marionette	INFO	sendAsync 47140447-131a-4d0a-9452-6369af04898d
]]></system-err>
  </testcase>
  <testcase name="testTextFirstForm" classname="com.redmine.tests.TestLogin" time="2.724"/>
  <testcase name="testTwoFormPresent" classname="com.redmine.tests.TestLogin" time="6.552"/>
</testsuite>